<?xml version="1.0" encoding="UTF-8"?>
<!-- Generated by org.testng.reporters.JUnitXMLReporter -->
<testsuite ignored="0" hostname="YV-Jerry.local" failures="0" tests="2" name="Surefire test" time="81.899" errors="0" timestamp="2023-04-05T22:55:00 WAT">
  <testcase classname="io.cucumber.testng.AbstractTestNGCucumberTests" name="runScenario" time="41.457"/>
  <testcase classname="io.cucumber.testng.AbstractTestNGCucumberTests" name="runScenario" time="39.349"/>
</testsuite> <!-- Surefire test -->
