<?xml version="1.0" encoding="UTF-8"?>
<!-- Generated by org.testng.reporters.JUnitXMLReporter -->
<testsuite ignored="0" hostname="YV-Jerry.local" failures="1" tests="2" name="error validation" time="45.223" errors="0" timestamp="2023-03-19T10:16:50 WAT">
  <testcase classname="ErrorValidationTest" name="errorLogin" time="0.852">
    <skipped/>
  </testcase> <!-- errorLogin -->
  <testcase classname="ErrorValidationTest" name="errorLogin" time="1.117">
    <failure type="java.lang.AssertionError" message="expected [Incorrect email or password] but found [Incorrect email or password.]">
      <![CDATA[java.lang.AssertionError: expected [Incorrect email or password] but found [Incorrect email or password.]
at ErrorValidationTest.errorLogin(ErrorValidationTest.java:12)
at java.base/java.util.ArrayList.forEach(ArrayList.java:1541)
at java.base/java.util.concurrent.FutureTask.run(FutureTask.java:264)
at java.base/java.util.concurrent.ThreadPoolExecutor.runWorker(ThreadPoolExecutor.java:1128)
at java.base/java.util.concurrent.ThreadPoolExecutor$Worker.run(ThreadPoolExecutor.java:628)
at java.base/java.lang.Thread.run(Thread.java:834)
... Removed 23 stack frames]]>
    </failure>
  </testcase> <!-- errorLogin -->
</testsuite> <!-- error validation -->
